<?xml version="1.0" encoding="UTF-8"?>
<!-- Generated by org.testng.reporters.JUnitReportReporter -->
<testsuite hostname="KomalMane" failures="0" tests="1" name="testPackage.ValidLoginTestCase" time="5.547" errors="0" timestamp="2024-01-06T14:35:17 IST" skipped="0">
  <testcase classname="testPackage.ValidLoginTestCase" name="validLoginMethod" time="5.547">
    <system-out>
      <![CDATA[onTestStart
onTestSuccess]]>
    </system-out>
  </testcase> <!-- validLoginMethod -->
  <system-out>
    <![CDATA[onStart
onTestStart
onTestSuccess
onTestStart
onTestFailure
Method Failed Taken Screenshots!!!
onTestStart
onTestSuccess
onTestStart
onTestSuccess
onTestStart
onTestFailure
Method Failed Taken Screenshots!!!]]>
  </system-out>
</testsuite> <!-- testPackage.ValidLoginTestCase -->
