<?xml version="1.0" encoding="UTF-8"?>
<!-- Generated by org.testng.reporters.JUnitReportReporter -->
<testsuite hostname="KomalMane" failures="0" tests="1" name="testPackage.InValidLoginTestCase" time="4.517" errors="0" timestamp="2024-01-06T14:37:29 IST" skipped="0">
  <testcase classname="testPackage.InValidLoginTestCase" name="invalidLoginMethod" time="4.517">
    <system-out>
      <![CDATA[onTestStart
onTestSuccess]]>
    </system-out>
  </testcase> <!-- invalidLoginMethod -->
  <system-out>
    <![CDATA[onStart
onTestStart
onTestSuccess
onTestStart
onTestFailure
Method Failed Taken Screenshots!!!]]>
  </system-out>
</testsuite> <!-- testPackage.InValidLoginTestCase -->
