<?xml version="1.0" encoding="UTF-8"?>
<!-- Generated by org.testng.reporters.JUnitReportReporter -->
<testsuite hostname="KomalMane" failures="0" tests="1" name="testPackage.CeateNewCustomers_ProjectsTestCase" time="10.306" errors="0" timestamp="2024-01-06T14:35:17 IST" skipped="0">
  <testcase classname="testPackage.CeateNewCustomers_ProjectsTestCase" name="createNewCustomers_Projects" time="10.306">
    <system-out>
      <![CDATA[onTestStart
onTestSuccess]]>
    </system-out>
  </testcase> <!-- createNewCustomers_Projects -->
  <system-out>
    <![CDATA[onStart
onTestStart
onTestSuccess
onTestStart
onTestFailure
Method Failed Taken Screenshots!!!
onTestStart
onTestSuccess
onTestStart
onTestSuccess
onTestStart
onTestFailure
Method Failed Taken Screenshots!!!]]>
  </system-out>
</testsuite> <!-- testPackage.CeateNewCustomers_ProjectsTestCase -->
