<?xml version="1.0" encoding="UTF-8"?>
<!-- Generated by org.testng.reporters.JUnitReportReporter -->
<testsuite hostname="KomalMane" failures="0" tests="1" name="testPackage.CreateNewUsersTestCase" time="6.124" errors="0" timestamp="2024-01-06T14:35:17 IST" skipped="0">
  <testcase classname="testPackage.CreateNewUsersTestCase" name="createValidNewUsersMethod" time="6.124">
    <system-out>
      <![CDATA[onTestStart
onTestSuccess]]>
    </system-out>
  </testcase> <!-- createValidNewUsersMethod -->
  <system-out>
    <![CDATA[onStart
onTestStart
onTestSuccess
onTestStart
onTestFailure
Method Failed Taken Screenshots!!!
onTestStart
onTestSuccess
onTestStart
onTestSuccess
onTestStart
onTestFailure
Method Failed Taken Screenshots!!!]]>
  </system-out>
</testsuite> <!-- testPackage.CreateNewUsersTestCase -->
